TN:
SF:/Users/m/Workspace/mediator.js/Gruntfile.js
FN:1,(anonymous_1)
FNF:1
FNH:0
FNDA:0,(anonymous_1)
DA:1,1
DA:3,0
DA:39,0
DA:40,0
DA:41,0
DA:42,0
DA:43,0
DA:44,0
DA:46,0
DA:47,0
DA:48,0
LF:11
LH:1
BRF:0
BRH:0
end_of_record
TN:
SF:/Users/m/Workspace/mediator.js/index.js
FN:3,(anonymous_1)
FN:17,(anonymous_2)
FN:23,(anonymous_3)
FN:27,(anonymous_4)
FN:32,(anonymous_5)
FN:33,(anonymous_6)
FN:40,(anonymous_7)
FN:44,(anonymous_8)
FN:48,(anonymous_9)
FN:65,(anonymous_10)
FN:79,(anonymous_11)
FN:97,(anonymous_12)
FNF:12
FNH:11
FNDA:1,(anonymous_1)
FNDA:0,(anonymous_2)
FNDA:1,(anonymous_3)
FNDA:11,(anonymous_4)
FNDA:120,(anonymous_5)
FNDA:3720,(anonymous_6)
FNDA:9,(anonymous_7)
FNDA:9,(anonymous_8)
FNDA:19,(anonymous_9)
FNDA:120,(anonymous_10)
FNDA:2,(anonymous_11)
FNDA:11,(anonymous_12)
DA:3,1
DA:5,1
DA:6,0
DA:9,1
DA:10,1
DA:14,0
DA:17,0
DA:18,0
DA:19,0
DA:21,0
DA:27,1
DA:28,11
DA:29,11
DA:32,1
DA:33,120
DA:34,3720
DA:35,3720
DA:36,3720
DA:40,1
DA:41,9
DA:44,1
DA:45,9
DA:48,1
DA:49,19
DA:50,8
DA:54,11
DA:55,4
DA:58,7
DA:59,4
DA:62,3
DA:65,1
DA:67,120
DA:68,120
DA:70,120
DA:71,19
DA:74,120
DA:76,120
DA:79,1
DA:80,2
DA:81,1
DA:84,1
DA:86,1
DA:87,1
DA:88,1
DA:89,2
DA:90,1
DA:97,1
DA:98,11
DA:99,19
DA:100,16
DA:101,18
DA:102,18
DA:109,1
LF:53
LH:47
BRDA:5,1,0,0
BRDA:5,1,1,1
BRDA:9,2,0,1
BRDA:9,2,1,0
BRDA:9,3,0,1
BRDA:9,3,1,1
BRDA:35,4,0,3600
BRDA:35,4,1,120
BRDA:49,5,0,8
BRDA:49,5,1,11
BRDA:54,6,0,4
BRDA:54,6,1,7
BRDA:54,7,0,11
BRDA:54,7,1,5
BRDA:58,8,0,4
BRDA:58,8,1,3
BRDA:58,9,0,7
BRDA:58,9,1,4
BRDA:70,10,0,19
BRDA:70,10,1,101
BRDA:80,11,0,1
BRDA:80,11,1,1
BRDA:87,12,0,1
BRDA:87,12,1,0
BRDA:89,13,0,1
BRDA:89,13,1,1
BRDA:99,14,0,16
BRDA:99,14,1,3
BRDA:99,15,0,19
BRDA:99,15,1,19
BRF:30
BRH:27
end_of_record
